
Showing logs for build [32mcb-kubecd-environment-pr-485-6-1[0m stage [32mfrom-build-pack[0m and container [32mstep-credential-initializer-r9xv8[0m
{"level":"warn","ts":1568074824.8054986,"logger":"fallback-logger","caller":"logging/config.go:69","msg":"Fetch GitHub commit ID from kodata failed: \"ref: refs/heads/master\" is not a valid GitHub commit ID"}
{"level":"info","ts":1568074824.8061981,"logger":"fallback-logger","caller":"creds-init/main.go:40","msg":"Credentials initialized."}

Showing logs for build [32mcb-kubecd-environment-pr-485-6-1[0m stage [32mfrom-build-pack[0m and container [32mstep-working-dir-initializer-5pbgh[0m
{"level":"warn","ts":1568074826.1393692,"logger":"fallback-logger","caller":"logging/config.go:69","msg":"Fetch GitHub commit ID from kodata failed: open /var/run/ko/HEAD: no such file or directory"}
{"level":"info","ts":1568074826.1410387,"logger":"fallback-logger","caller":"bash/main.go:65","msg":"Successfully executed command \"mkdir -p /workspace/source /workspace/source/env\""}

Showing logs for build [32mcb-kubecd-environment-pr-485-6-1[0m stage [32mfrom-build-pack[0m and container [32mstep-place-tools[0m

Showing logs for build [32mcb-kubecd-environment-pr-485-6-1[0m stage [32mfrom-build-pack[0m and container [32mstep-git-source-cb-kubecd-environment-pr-485-6-9bpms[0m
{"level":"warn","ts":1568074830.204464,"logger":"fallback-logger","caller":"logging/config.go:69","msg":"Fetch GitHub commit ID from kodata failed: \"ref: refs/heads/master\" is not a valid GitHub commit ID"}
{"level":"info","ts":1568074831.3056045,"logger":"fallback-logger","caller":"git/git.go:102","msg":"Successfully cloned https://github.com/cb-kubecd/environment-pr-485-6-boot-local-staging.git @ f4abb35deba0362397c4f350a0f5a12f97a7ce7c in path /workspace/source"}

Showing logs for build [32mcb-kubecd-environment-pr-485-6-1[0m stage [32mfrom-build-pack[0m and container [32mstep-git-merge[0m
Using SHAs from PULL_REFS=master:c5f6f74dfa2c0f30e8b05a88dcc211c068c0081b,1:f4abb35deba0362397c4f350a0f5a12f97a7ce7c
DEBUG: ran git fetch --unshallow origin f4abb35deba0362397c4f350a0f5a12f97a7ce7c: c5f6f74dfa2c0f30e8b05a88dcc211c068c0081b: in 
DEBUG: ran git checkout master in 
DEBUG: ran git reset --hard c5f6f74dfa2c0f30e8b05a88dcc211c068c0081b in 
DEBUG: ran clean --force -d . in 
DEBUG: ran git merge f4abb35deba0362397c4f350a0f5a12f97a7ce7c in 
Merged SHA f4abb35deba0362397c4f350a0f5a12f97a7ce7c with commit message 'chore: Promote bdd-spring-1568074594 to version 0.0.1' into base branch master

Showing logs for build [32mcb-kubecd-environment-pr-485-6-1[0m stage [32mfrom-build-pack[0m and container [32mstep-build-helm-build[0m
WARNING: No $CHART_REPOSITORY defined so using the default value of: http://jenkins-x-chartmuseum:8080
Adding missing Helm repo: storage.googleapis.com https://storage.googleapis.com/chartmuseum.jenkins-x.io
Successfully added Helm repository storage.googleapis.com.
Adding missing Helm repo: jenkins-x-chartmuseum http://jenkins-x-chartmuseum:8080
Successfully added Helm repository jenkins-x-chartmuseum.
WARNING: No $CHART_REPOSITORY defined so using the default value of: http://jenkins-x-chartmuseum:8080
Adding missing Helm repo: chartmuseum.jenkins-x.io http://chartmuseum.jenkins-x.io
Successfully added Helm repository chartmuseum.jenkins-x.io.
